# JRE version: OpenJDK Runtime Environment Corretto-17.0.6.10.1 (17.0.6+10) (build 17.0.6+10-LTS)
# Java VM: OpenJDK 64-Bit Server VM Corretto-17.0.6.10.1 (17.0.6+10-LTS, mixed mode, sharing, tiered, compressed oops, compressed class ptrs, g1 gc, windows-amd64)
GC Precious Log:
 CPUs: 4 total, 4 available
 Memory: 16220M
 Large Page Support: Disabled
 NUMA Support: Disabled
 Compressed Oops: Enabled (Zero based)
 Heap Region Size: 2M
 Heap Min Capacity: 8M
 Heap Initial Capacity: 254M
 Heap Max Capacity: 4056M
 Pre-touch: Disabled
 Parallel Workers: 4
 Concurrent Workers: 1
 Concurrent Refinement Workers: 4
 Periodic GC: Disabled
Heap:
 garbage-first heap   total 81920K, used 51949K [0x0000000702800000, 0x0000000800000000)
  region size 2048K, 10 young (20480K), 1 survivors (2048K)
 Metaspace       used 75857K, committed 76352K, reserved 1122304K
  class space    used 9543K, committed 9792K, reserved 1048576K
GC Heap History (20 events):
Event: 4925.648 GC heap before
{Heap before GC invocations=95 (full 0):
 garbage-first heap   total 81920K, used 63928K [0x0000000702800000, 0x0000000800000000)
  region size 2048K, 16 young (32768K), 1 survivors (2048K)
 Metaspace       used 75554K, committed 76096K, reserved 1122304K
  class space    used 9542K, committed 9792K, reserved 1048576K
}
Event: 4925.651 GC heap after
{Heap after GC invocations=96 (full 0):
 garbage-first heap   total 81920K, used 34693K [0x0000000702800000, 0x0000000800000000)
  region size 2048K, 1 young (2048K), 1 survivors (2048K)
 Metaspace       used 75554K, committed 76096K, reserved 1122304K
  class space    used 9542K, committed 9792K, reserved 1048576K
}
Event: 5059.106 GC heap before
{Heap before GC invocations=97 (full 0):
 garbage-first heap   total 81920K, used 63365K [0x0000000702800000, 0x0000000800000000)
  region size 2048K, 16 young (32768K), 1 survivors (2048K)
 Metaspace       used 75623K, committed 76096K, reserved 1122304K
  class space    used 9543K, committed 9792K, reserved 1048576K
}
Event: 5059.108 GC heap after
{Heap after GC invocations=98 (full 0):
 garbage-first heap   total 81920K, used 35409K [0x0000000702800000, 0x0000000800000000)
  region size 2048K, 2 young (4096K), 2 survivors (4096K)
 Metaspace       used 75623K, committed 76096K, reserved 1122304K
  class space    used 9543K, committed 9792K, reserved 1048576K
}
Event: 5060.278 GC heap before
{Heap before GC invocations=98 (full 0):
 garbage-first heap   total 81920K, used 37457K [0x0000000702800000, 0x0000000800000000)
  region size 2048K, 3 young (6144K), 2 survivors (4096K)
 Metaspace       used 75623K, committed 76096K, reserved 1122304K
  class space    used 9543K, committed 9792K, reserved 1048576K
}
Event: 5060.283 GC heap after
{Heap after GC invocations=99 (full 0):
 garbage-first heap   total 81920K, used 33653K [0x0000000702800000, 0x0000000800000000)
  region size 2048K, 1 young (2048K), 1 survivors (2048K)
 Metaspace       used 75623K, committed 76096K, reserved 1122304K
  class space    used 9543K, committed 9792K, reserved 1048576K
}
Event: 5199.457 GC heap before
{Heap before GC invocations=99 (full 0):
 garbage-first heap   total 81920K, used 64373K [0x0000000702800000, 0x0000000800000000)
  region size 2048K, 16 young (32768K), 1 survivors (2048K)
 Metaspace       used 75624K, committed 76096K, reserved 1122304K
  class space    used 9543K, committed 9792K, reserved 1048576K
}
Event: 5199.461 GC heap after
{Heap after GC invocations=100 (full 0):
 garbage-first heap   total 81920K, used 35052K [0x0000000702800000, 0x0000000800000000)
  region size 2048K, 1 young (2048K), 1 survivors (2048K)
 Metaspace       used 75624K, committed 76096K, reserved 1122304K
  class space    used 9543K, committed 9792K, reserved 1048576K
}
Event: 5337.493 GC heap before
{Heap before GC invocations=101 (full 0):
 garbage-first heap   total 81920K, used 65772K [0x0000000702800000, 0x0000000800000000)
  region size 2048K, 16 young (32768K), 1 survivors (2048K)
 Metaspace       used 75642K, committed 76096K, reserved 1122304K
  class space    used 9543K, committed 9792K, reserved 1048576K
}
Event: 5337.496 GC heap after
{Heap after GC invocations=102 (full 0):
 garbage-first heap   total 81920K, used 35983K [0x0000000702800000, 0x0000000800000000)
  region size 2048K, 2 young (4096K), 2 survivors (4096K)
 Metaspace       used 75642K, committed 76096K, reserved 1122304K
  class space    used 9543K, committed 9792K, reserved 1048576K
}
Event: 5339.960 GC heap before
{Heap before GC invocations=102 (full 0):
 garbage-first heap   total 81920K, used 38031K [0x0000000702800000, 0x0000000800000000)
  region size 2048K, 3 young (6144K), 2 survivors (4096K)
 Metaspace       used 75642K, committed 76096K, reserved 1122304K
  class space    used 9543K, committed 9792K, reserved 1048576K
}
Event: 5339.969 GC heap after
{Heap after GC invocations=103 (full 0):
 garbage-first heap   total 81920K, used 33759K [0x0000000702800000, 0x0000000800000000)
  region size 2048K, 1 young (2048K), 1 survivors (2048K)
 Metaspace       used 75642K, committed 76096K, reserved 1122304K
  class space    used 9543K, committed 9792K, reserved 1048576K
}
Event: 5479.119 GC heap before
{Heap before GC invocations=103 (full 0):
 garbage-first heap   total 81920K, used 64479K [0x0000000702800000, 0x0000000800000000)
  region size 2048K, 16 young (32768K), 1 survivors (2048K)
 Metaspace       used 75646K, committed 76096K, reserved 1122304K
  class space    used 9543K, committed 9792K, reserved 1048576K
}
Event: 5479.121 GC heap after
{Heap after GC invocations=104 (full 0):
 garbage-first heap   total 81920K, used 35098K [0x0000000702800000, 0x0000000800000000)
  region size 2048K, 1 young (2048K), 1 survivors (2048K)
 Metaspace       used 75646K, committed 76096K, reserved 1122304K
  class space    used 9543K, committed 9792K, reserved 1048576K
}
Event: 5580.472 GC heap before
{Heap before GC invocations=105 (full 0):
 garbage-first heap   total 81920K, used 65818K [0x0000000702800000, 0x0000000800000000)
  region size 2048K, 16 young (32768K), 1 survivors (2048K)
 Metaspace       used 75793K, committed 76288K, reserved 1122304K
  class space    used 9543K, committed 9792K, reserved 1048576K
}
Event: 5580.475 GC heap after
{Heap after GC invocations=106 (full 0):
 garbage-first heap   total 81920K, used 36083K [0x0000000702800000, 0x0000000800000000)
  region size 2048K, 2 young (4096K), 2 survivors (4096K)
 Metaspace       used 75793K, committed 76288K, reserved 1122304K
  class space    used 9543K, committed 9792K, reserved 1048576K
}
Event: 5583.667 GC heap before
{Heap before GC invocations=106 (full 0):
 garbage-first heap   total 81920K, used 38131K [0x0000000702800000, 0x0000000800000000)
  region size 2048K, 3 young (6144K), 2 survivors (4096K)
 Metaspace       used 75803K, committed 76288K, reserved 1122304K
  class space    used 9543K, committed 9792K, reserved 1048576K
}
Event: 5583.676 GC heap after
{Heap after GC invocations=107 (full 0):
 garbage-first heap   total 81920K, used 34116K [0x0000000702800000, 0x0000000800000000)
  region size 2048K, 1 young (2048K), 1 survivors (2048K)
 Metaspace       used 75803K, committed 76288K, reserved 1122304K
  class space    used 9543K, committed 9792K, reserved 1048576K
}
Event: 5702.705 GC heap before
{Heap before GC invocations=107 (full 0):
 garbage-first heap   total 81920K, used 64836K [0x0000000702800000, 0x0000000800000000)
  region size 2048K, 16 young (32768K), 1 survivors (2048K)
 Metaspace       used 75856K, committed 76352K, reserved 1122304K
  class space    used 9543K, committed 9792K, reserved 1048576K
}
Event: 5702.707 GC heap after
{Heap after GC invocations=108 (full 0):
 garbage-first heap   total 81920K, used 35565K [0x0000000702800000, 0x0000000800000000)
  region size 2048K, 1 young (2048K), 1 survivors (2048K)
 Metaspace       used 75856K, committed 76352K, reserved 1122304K
  class space    used 9543K, committed 9792K, reserved 1048576K
}

